# JRE version: OpenJDK Runtime Environment Temurin-21.0.6+7 (21.0.6+7) (build 21.0.6+7-LTS)
# Java VM: OpenJDK 64-Bit Server VM Temurin-21.0.6+7 (21.0.6+7-LTS, mixed mode, sharing, tiered, compressed oops, compressed class ptrs, parallel gc, linux-amd64)
GC Precious Log:
 CardTable entry size: 512
 CPUs: 8 total, 8 available
 Memory: 15799M
 Large Page Support: Disabled
 NUMA Support: Disabled
 Compressed Oops: Enabled (32-bit)
 Alignments: Space 512K, Generation 512K, Heap 2M
 Heap Min Capacity: 100M
 Heap Initial Capacity: 100M
 Heap Max Capacity: 1G
 Pre-touch: Disabled
 Parallel Workers: 8
Heap:
 PSYoungGen      total 6656K, used 6330K [0x00000000eab00000, 0x00000000eb400000, 0x0000000100000000)
  eden space 6144K, 95% used [0x00000000eab00000,0x00000000eb0be9d0,0x00000000eb100000)
  from space 512K, 87% used [0x00000000eb280000,0x00000000eb2f0000,0x00000000eb300000)
  to   space 1024K, 0% used [0x00000000eb300000,0x00000000eb300000,0x00000000eb400000)
 ParOldGen       total 591872K, used 591685K [0x00000000c0000000, 0x00000000e4200000, 0x00000000eab00000)
  object space 591872K, 99% used [0x00000000c0000000,0x00000000e41d15f0,0x00000000e4200000)
 Metaspace       used 77937K, committed 79616K, reserved 1179648K
  class space    used 8113K, committed 8896K, reserved 1048576K
GC Heap History (20 events):
Event: 408.410 GC heap before
{Heap before GC invocations=427 (full 3):
 PSYoungGen      total 7168K, used 6628K [0x00000000eab00000, 0x00000000eb400000, 0x0000000100000000)
  eden space 6144K, 93% used [0x00000000eab00000,0x00000000eb09e758,0x00000000eb100000)
  from space 1024K, 85% used [0x00000000eb100000,0x00000000eb1dac38,0x00000000eb200000)
  to   space 1024K, 0% used [0x00000000eb300000,0x00000000eb300000,0x00000000eb400000)
 ParOldGen       total 583168K, used 582811K [0x00000000c0000000, 0x00000000e3980000, 0x00000000eab00000)
  object space 583168K, 99% used [0x00000000c0000000,0x00000000e3926c78,0x00000000e3980000)
 Metaspace       used 75086K, committed 76672K, reserved 1179648K
  class space    used 7773K, committed 8448K, reserved 1048576K
}
Event: 408.413 GC heap after
{Heap after GC invocations=427 (full 3):
 PSYoungGen      total 7168K, used 1024K [0x00000000eab00000, 0x00000000eb400000, 0x0000000100000000)
  eden space 6144K, 0% used [0x00000000eab00000,0x00000000eab00000,0x00000000eb100000)
  from space 1024K, 100% used [0x00000000eb300000,0x00000000eb400000,0x00000000eb400000)
  to   space 1536K, 0% used [0x00000000eb100000,0x00000000eb100000,0x00000000eb280000)
 ParOldGen       total 583680K, used 583192K [0x00000000c0000000, 0x00000000e3a00000, 0x00000000eab00000)
  object space 583680K, 99% used [0x00000000c0000000,0x00000000e39860f8,0x00000000e3a00000)
 Metaspace       used 75086K, committed 76672K, reserved 1179648K
  class space    used 7773K, committed 8448K, reserved 1048576K
}
Event: 408.423 GC heap before
{Heap before GC invocations=428 (full 3):
 PSYoungGen      total 7168K, used 7004K [0x00000000eab00000, 0x00000000eb400000, 0x0000000100000000)
  eden space 6144K, 97% used [0x00000000eab00000,0x00000000eb0d71f8,0x00000000eb100000)
  from space 1024K, 100% used [0x00000000eb300000,0x00000000eb400000,0x00000000eb400000)
  to   space 1536K, 0% used [0x00000000eb100000,0x00000000eb100000,0x00000000eb280000)
 ParOldGen       total 583680K, used 583192K [0x00000000c0000000, 0x00000000e3a00000, 0x00000000eab00000)
  object space 583680K, 99% used [0x00000000c0000000,0x00000000e39860f8,0x00000000e3a00000)
 Metaspace       used 75093K, committed 76672K, reserved 1179648K
  class space    used 7773K, committed 8448K, reserved 1048576K
}
Event: 408.426 GC heap after
{Heap after GC invocations=428 (full 3):
 PSYoungGen      total 7680K, used 1046K [0x00000000eab00000, 0x00000000eb580000, 0x0000000100000000)
  eden space 6144K, 0% used [0x00000000eab00000,0x00000000eab00000,0x00000000eb100000)
  from space 1536K, 68% used [0x00000000eb100000,0x00000000eb2058e0,0x00000000eb280000)
  to   space 1536K, 0% used [0x00000000eb400000,0x00000000eb400000,0x00000000eb580000)
 ParOldGen       total 585728K, used 585680K [0x00000000c0000000, 0x00000000e3c00000, 0x00000000eab00000)
  object space 585728K, 99% used [0x00000000c0000000,0x00000000e3bf42e8,0x00000000e3c00000)
 Metaspace       used 75093K, committed 76672K, reserved 1179648K
  class space    used 7773K, committed 8448K, reserved 1048576K
}
Event: 408.437 GC heap before
{Heap before GC invocations=429 (full 3):
 PSYoungGen      total 7680K, used 7190K [0x00000000eab00000, 0x00000000eb580000, 0x0000000100000000)
  eden space 6144K, 100% used [0x00000000eab00000,0x00000000eb100000,0x00000000eb100000)
  from space 1536K, 68% used [0x00000000eb100000,0x00000000eb2058e0,0x00000000eb280000)
  to   space 1536K, 0% used [0x00000000eb400000,0x00000000eb400000,0x00000000eb580000)
 ParOldGen       total 585728K, used 585680K [0x00000000c0000000, 0x00000000e3c00000, 0x00000000eab00000)
  object space 585728K, 99% used [0x00000000c0000000,0x00000000e3bf42e8,0x00000000e3c00000)
 Metaspace       used 75097K, committed 76672K, reserved 1179648K
  class space    used 7773K, committed 8448K, reserved 1048576K
}
Event: 408.440 GC heap after
{Heap after GC invocations=429 (full 3):
 PSYoungGen      total 7680K, used 1152K [0x00000000eab00000, 0x00000000eb580000, 0x0000000100000000)
  eden space 6144K, 0% used [0x00000000eab00000,0x00000000eab00000,0x00000000eb100000)
  from space 1536K, 75% used [0x00000000eb400000,0x00000000eb520000,0x00000000eb580000)
  to   space 1536K, 0% used [0x00000000eb100000,0x00000000eb100000,0x00000000eb280000)
 ParOldGen       total 586240K, used 586028K [0x00000000c0000000, 0x00000000e3c80000, 0x00000000eab00000)
  object space 586240K, 99% used [0x00000000c0000000,0x00000000e3c4b1b0,0x00000000e3c80000)
 Metaspace       used 75097K, committed 76672K, reserved 1179648K
  class space    used 7773K, committed 8448K, reserved 1048576K
}
Event: 408.449 GC heap before
{Heap before GC invocations=430 (full 3):
 PSYoungGen      total 7680K, used 7079K [0x00000000eab00000, 0x00000000eb580000, 0x0000000100000000)
  eden space 6144K, 96% used [0x00000000eab00000,0x00000000eb0c9dd8,0x00000000eb100000)
  from space 1536K, 75% used [0x00000000eb400000,0x00000000eb520000,0x00000000eb580000)
  to   space 1536K, 0% used [0x00000000eb100000,0x00000000eb100000,0x00000000eb280000)
 ParOldGen       total 586240K, used 586028K [0x00000000c0000000, 0x00000000e3c80000, 0x00000000eab00000)
  object space 586240K, 99% used [0x00000000c0000000,0x00000000e3c4b1b0,0x00000000e3c80000)
 Metaspace       used 75101K, committed 76672K, reserved 1179648K
  class space    used 7773K, committed 8448K, reserved 1048576K
}
Event: 408.451 GC heap after
{Heap after GC invocations=430 (full 3):
 PSYoungGen      total 7680K, used 950K [0x00000000eab00000, 0x00000000eb580000, 0x0000000100000000)
  eden space 6144K, 0% used [0x00000000eab00000,0x00000000eab00000,0x00000000eb100000)
  from space 1536K, 61% used [0x00000000eb100000,0x00000000eb1ed9d0,0x00000000eb280000)
  to   space 1536K, 0% used [0x00000000eb400000,0x00000000eb400000,0x00000000eb580000)
 ParOldGen       total 588800K, used 588569K [0x00000000c0000000, 0x00000000e3f00000, 0x00000000eab00000)
  object space 588800K, 99% used [0x00000000c0000000,0x00000000e3ec67d0,0x00000000e3f00000)
 Metaspace       used 75101K, committed 76672K, reserved 1179648K
  class space    used 7773K, committed 8448K, reserved 1048576K
}
Event: 408.471 GC heap before
{Heap before GC invocations=431 (full 3):
 PSYoungGen      total 7680K, used 6736K [0x00000000eab00000, 0x00000000eb580000, 0x0000000100000000)
  eden space 6144K, 94% used [0x00000000eab00000,0x00000000eb0a6950,0x00000000eb100000)
  from space 1536K, 61% used [0x00000000eb100000,0x00000000eb1ed9d0,0x00000000eb280000)
  to   space 1536K, 0% used [0x00000000eb400000,0x00000000eb400000,0x00000000eb580000)
 ParOldGen       total 588800K, used 588569K [0x00000000c0000000, 0x00000000e3f00000, 0x00000000eab00000)
  object space 588800K, 99% used [0x00000000c0000000,0x00000000e3ec67d0,0x00000000e3f00000)
 Metaspace       used 75211K, committed 76864K, reserved 1179648K
  class space    used 7785K, committed 8512K, reserved 1048576K
}
Event: 408.474 GC heap after
{Heap after GC invocations=431 (full 3):
 PSYoungGen      total 7168K, used 651K [0x00000000eab00000, 0x00000000eb500000, 0x0000000100000000)
  eden space 6144K, 0% used [0x00000000eab00000,0x00000000eab00000,0x00000000eb100000)
  from space 1024K, 63% used [0x00000000eb400000,0x00000000eb4a2c38,0x00000000eb500000)
  to   space 1024K, 0% used [0x00000000eb300000,0x00000000eb300000,0x00000000eb400000)
 ParOldGen       total 590336K, used 590322K [0x00000000c0000000, 0x00000000e4080000, 0x00000000eab00000)
  object space 590336K, 99% used [0x00000000c0000000,0x00000000e407cb88,0x00000000e4080000)
 Metaspace       used 75211K, committed 76864K, reserved 1179648K
  class space    used 7785K, committed 8512K, reserved 1048576K
}
Event: 408.487 GC heap before
{Heap before GC invocations=432 (full 3):
 PSYoungGen      total 7168K, used 6367K [0x00000000eab00000, 0x00000000eb500000, 0x0000000100000000)
  eden space 6144K, 93% used [0x00000000eab00000,0x00000000eb094fd0,0x00000000eb100000)
  from space 1024K, 63% used [0x00000000eb400000,0x00000000eb4a2c38,0x00000000eb500000)
  to   space 1024K, 0% used [0x00000000eb300000,0x00000000eb300000,0x00000000eb400000)
 ParOldGen       total 590336K, used 590322K [0x00000000c0000000, 0x00000000e4080000, 0x00000000eab00000)
  object space 590336K, 99% used [0x00000000c0000000,0x00000000e407cb88,0x00000000e4080000)
 Metaspace       used 75373K, committed 76992K, reserved 1179648K
  class space    used 7798K, committed 8512K, reserved 1048576K
}
Event: 408.489 GC heap after
{Heap after GC invocations=432 (full 3):
 PSYoungGen      total 7168K, used 256K [0x00000000eab00000, 0x00000000eb480000, 0x0000000100000000)
  eden space 6144K, 0% used [0x00000000eab00000,0x00000000eab00000,0x00000000eb100000)
  from space 1024K, 25% used [0x00000000eb300000,0x00000000eb340000,0x00000000eb400000)
  to   space 512K, 0% used [0x00000000eb400000,0x00000000eb400000,0x00000000eb480000)
 ParOldGen       total 590848K, used 590416K [0x00000000c0000000, 0x00000000e4100000, 0x00000000eab00000)
  object space 590848K, 99% used [0x00000000c0000000,0x00000000e4094298,0x00000000e4100000)
 Metaspace       used 75373K, committed 76992K, reserved 1179648K
  class space    used 7798K, committed 8512K, reserved 1048576K
}
Event: 408.498 GC heap before
{Heap before GC invocations=433 (full 3):
 PSYoungGen      total 7168K, used 6391K [0x00000000eab00000, 0x00000000eb480000, 0x0000000100000000)
  eden space 6144K, 99% used [0x00000000eab00000,0x00000000eb0fdfd8,0x00000000eb100000)
  from space 1024K, 25% used [0x00000000eb300000,0x00000000eb340000,0x00000000eb400000)
  to   space 512K, 0% used [0x00000000eb400000,0x00000000eb400000,0x00000000eb480000)
 ParOldGen       total 590848K, used 590416K [0x00000000c0000000, 0x00000000e4100000, 0x00000000eab00000)
  object space 590848K, 99% used [0x00000000c0000000,0x00000000e4094298,0x00000000e4100000)
 Metaspace       used 75442K, committed 77056K, reserved 1179648K
  class space    used 7806K, committed 8512K, reserved 1048576K
}
Event: 408.500 GC heap after
{Heap after GC invocations=433 (full 3):
 PSYoungGen      total 6656K, used 504K [0x00000000eab00000, 0x00000000eb480000, 0x0000000100000000)
  eden space 6144K, 0% used [0x00000000eab00000,0x00000000eab00000,0x00000000eb100000)
  from space 512K, 98% used [0x00000000eb400000,0x00000000eb47e230,0x00000000eb480000)
  to   space 1024K, 0% used [0x00000000eb280000,0x00000000eb280000,0x00000000eb380000)
 ParOldGen       total 590848K, used 590526K [0x00000000c0000000, 0x00000000e4100000, 0x00000000eab00000)
  object space 590848K, 99% used [0x00000000c0000000,0x00000000e40afb28,0x00000000e4100000)
 Metaspace       used 75442K, committed 77056K, reserved 1179648K
  class space    used 7806K, committed 8512K, reserved 1048576K
}
Event: 408.529 GC heap before
{Heap before GC invocations=434 (full 3):
 PSYoungGen      total 6656K, used 6648K [0x00000000eab00000, 0x00000000eb480000, 0x0000000100000000)
  eden space 6144K, 100% used [0x00000000eab00000,0x00000000eb100000,0x00000000eb100000)
  from space 512K, 98% used [0x00000000eb400000,0x00000000eb47e230,0x00000000eb480000)
  to   space 1024K, 0% used [0x00000000eb280000,0x00000000eb280000,0x00000000eb380000)
 ParOldGen       total 590848K, used 590526K [0x00000000c0000000, 0x00000000e4100000, 0x00000000eab00000)
  object space 590848K, 99% used [0x00000000c0000000,0x00000000e40afb28,0x00000000e4100000)
 Metaspace       used 75875K, committed 77504K, reserved 1179648K
  class space    used 7856K, committed 8576K, reserved 1048576K
}
Event: 408.532 GC heap after
{Heap after GC invocations=434 (full 3):
 PSYoungGen      total 7168K, used 989K [0x00000000eab00000, 0x00000000eb480000, 0x0000000100000000)
  eden space 6144K, 0% used [0x00000000eab00000,0x00000000eab00000,0x00000000eb100000)
  from space 1024K, 96% used [0x00000000eb280000,0x00000000eb3774e8,0x00000000eb380000)
  to   space 1024K, 0% used [0x00000000eb380000,0x00000000eb380000,0x00000000eb480000)
 ParOldGen       total 591360K, used 591015K [0x00000000c0000000, 0x00000000e4180000, 0x00000000eab00000)
  object space 591360K, 99% used [0x00000000c0000000,0x00000000e4129d58,0x00000000e4180000)
 Metaspace       used 75875K, committed 77504K, reserved 1179648K
  class space    used 7856K, committed 8576K, reserved 1048576K
}
Event: 408.555 GC heap before
{Heap before GC invocations=435 (full 3):
 PSYoungGen      total 7168K, used 7133K [0x00000000eab00000, 0x00000000eb480000, 0x0000000100000000)
  eden space 6144K, 100% used [0x00000000eab00000,0x00000000eb100000,0x00000000eb100000)
  from space 1024K, 96% used [0x00000000eb280000,0x00000000eb3774e8,0x00000000eb380000)
  to   space 1024K, 0% used [0x00000000eb380000,0x00000000eb380000,0x00000000eb480000)
 ParOldGen       total 591360K, used 591015K [0x00000000c0000000, 0x00000000e4180000, 0x00000000eab00000)
  object space 591360K, 99% used [0x00000000c0000000,0x00000000e4129d58,0x00000000e4180000)
 Metaspace       used 76285K, committed 77952K, reserved 1179648K
  class space    used 7928K, committed 8704K, reserved 1048576K
}
Event: 408.558 GC heap after
{Heap after GC invocations=435 (full 3):
 PSYoungGen      total 7168K, used 800K [0x00000000eab00000, 0x00000000eb480000, 0x0000000100000000)
  eden space 6144K, 0% used [0x00000000eab00000,0x00000000eab00000,0x00000000eb100000)
  from space 1024K, 78% used [0x00000000eb380000,0x00000000eb448020,0x00000000eb480000)
  to   space 1024K, 0% used [0x00000000eb280000,0x00000000eb280000,0x00000000eb380000)
 ParOldGen       total 591872K, used 591541K [0x00000000c0000000, 0x00000000e4200000, 0x00000000eab00000)
  object space 591872K, 99% used [0x00000000c0000000,0x00000000e41ad5f0,0x00000000e4200000)
 Metaspace       used 76285K, committed 77952K, reserved 1179648K
  class space    used 7928K, committed 8704K, reserved 1048576K
}
Event: 409.237 GC heap before
{Heap before GC invocations=436 (full 3):
 PSYoungGen      total 7168K, used 6944K [0x00000000eab00000, 0x00000000eb480000, 0x0000000100000000)
  eden space 6144K, 100% used [0x00000000eab00000,0x00000000eb100000,0x00000000eb100000)
  from space 1024K, 78% used [0x00000000eb380000,0x00000000eb448020,0x00000000eb480000)
  to   space 1024K, 0% used [0x00000000eb280000,0x00000000eb280000,0x00000000eb380000)
 ParOldGen       total 591872K, used 591541K [0x00000000c0000000, 0x00000000e4200000, 0x00000000eab00000)
  object space 591872K, 99% used [0x00000000c0000000,0x00000000e41ad5f0,0x00000000e4200000)
 Metaspace       used 77256K, committed 78976K, reserved 1179648K
  class space    used 8001K, committed 8768K, reserved 1048576K
}
Event: 409.239 GC heap after
{Heap after GC invocations=436 (full 3):
 PSYoungGen      total 6656K, used 448K [0x00000000eab00000, 0x00000000eb400000, 0x0000000100000000)
  eden space 6144K, 0% used [0x00000000eab00000,0x00000000eab00000,0x00000000eb100000)
  from space 512K, 87% used [0x00000000eb280000,0x00000000eb2f0000,0x00000000eb300000)
  to   space 1024K, 0% used [0x00000000eb300000,0x00000000eb300000,0x00000000eb400000)
 ParOldGen       total 591872K, used 591685K [0x00000000c0000000, 0x00000000e4200000, 0x00000000eab00000)
  object space 591872K, 99% used [0x00000000c0000000,0x00000000e41d15f0,0x00000000e4200000)
 Metaspace       used 77256K, committed 78976K, reserved 1179648K
  class space    used 8001K, committed 8768K, reserved 1048576K
}

